Compiling the C compiler identification source file "CMakeCCompilerId.c" failed.
Compiler: /Applications/STM32CubeIDE.app/Contents/Eclipse/plugins/com.st.stm32cube.ide.mcu.externaltools.gnu-tools-for-stm32.10.3-2021.10.macos64_1.0.100.202210260954/tools/bin/arm-none-eabi-gcc -fdata-sections;-ffunction-sections;--specs=nano.specs;-Wl,--gc-sections
Build flags: 
Id flags:  

The output was:
1
/Applications/STM32CubeIDE.app/Contents/Eclipse/plugins/com.st.stm32cube.ide.mcu.externaltools.gnu-tools-for-stm32.10.3-2021.10.macos64_1.0.100.202210260954/tools/bin/../lib/gcc/arm-none-eabi/10.3.1/../../../../arm-none-eabi/bin/ld: /Applications/STM32CubeIDE.app/Contents/Eclipse/plugins/com.st.stm32cube.ide.mcu.externaltools.gnu-tools-for-stm32.10.3-2021.10.macos64_1.0.100.202210260954/tools/bin/../lib/gcc/arm-none-eabi/10.3.1/../../../../arm-none-eabi/lib/libc_nano.a(lib_a-exit.o): in function `exit':
exit.c:(.text.exit+0x34): undefined reference to `_exit'
collect2: error: ld returned 1 exit status


Compiling the CXX compiler identification source file "CMakeCXXCompilerId.cpp" failed.
Compiler: /Applications/STM32CubeIDE.app/Contents/Eclipse/plugins/com.st.stm32cube.ide.mcu.externaltools.gnu-tools-for-stm32.10.3-2021.10.macos64_1.0.100.202210260954/tools/bin/arm-none-eabi-g++ -fdata-sections;-ffunction-sections;--specs=nano.specs;-Wl,--gc-sections;-fno-rtti;-fno-exceptions;-fno-threadsafe-statics
Build flags: 
Id flags:  

The output was:
1
/Applications/STM32CubeIDE.app/Contents/Eclipse/plugins/com.st.stm32cube.ide.mcu.externaltools.gnu-tools-for-stm32.10.3-2021.10.macos64_1.0.100.202210260954/tools/bin/../lib/gcc/arm-none-eabi/10.3.1/../../../../arm-none-eabi/bin/ld: /Applications/STM32CubeIDE.app/Contents/Eclipse/plugins/com.st.stm32cube.ide.mcu.externaltools.gnu-tools-for-stm32.10.3-2021.10.macos64_1.0.100.202210260954/tools/bin/../lib/gcc/arm-none-eabi/10.3.1/../../../../arm-none-eabi/lib/libc_nano.a(lib_a-exit.o): in function `exit':
exit.c:(.text.exit+0x34): undefined reference to `_exit'
collect2: error: ld returned 1 exit status


Compiling the C compiler identification source file "CMakeCCompilerId.c" failed.
Compiler: /Applications/STM32CubeIDE.app/Contents/Eclipse/plugins/com.st.stm32cube.ide.mcu.externaltools.gnu-tools-for-stm32.10.3-2021.10.macos64_1.0.200.202301161003/tools/bin/arm-none-eabi-gcc -fdata-sections;-ffunction-sections;--specs=nano.specs;-Wl,--gc-sections
Build flags: 
Id flags:  

The output was:
1
/Applications/STM32CubeIDE.app/Contents/Eclipse/plugins/com.st.stm32cube.ide.mcu.externaltools.gnu-tools-for-stm32.10.3-2021.10.macos64_1.0.200.202301161003/tools/bin/../lib/gcc/arm-none-eabi/10.3.1/../../../../arm-none-eabi/bin/ld: /Applications/STM32CubeIDE.app/Contents/Eclipse/plugins/com.st.stm32cube.ide.mcu.externaltools.gnu-tools-for-stm32.10.3-2021.10.macos64_1.0.200.202301161003/tools/bin/../lib/gcc/arm-none-eabi/10.3.1/../../../../arm-none-eabi/lib/libc_nano.a(lib_a-exit.o): in function `exit':
exit.c:(.text.exit+0x34): undefined reference to `_exit'
collect2: error: ld returned 1 exit status


Compiling the CXX compiler identification source file "CMakeCXXCompilerId.cpp" failed.
Compiler: /Applications/STM32CubeIDE.app/Contents/Eclipse/plugins/com.st.stm32cube.ide.mcu.externaltools.gnu-tools-for-stm32.10.3-2021.10.macos64_1.0.200.202301161003/tools/bin/arm-none-eabi-g++ -fdata-sections;-ffunction-sections;--specs=nano.specs;-Wl,--gc-sections;-fno-rtti;-fno-exceptions;-fno-threadsafe-statics
Build flags: 
Id flags:  

The output was:
1
/Applications/STM32CubeIDE.app/Contents/Eclipse/plugins/com.st.stm32cube.ide.mcu.externaltools.gnu-tools-for-stm32.10.3-2021.10.macos64_1.0.200.202301161003/tools/bin/../lib/gcc/arm-none-eabi/10.3.1/../../../../arm-none-eabi/bin/ld: /Applications/STM32CubeIDE.app/Contents/Eclipse/plugins/com.st.stm32cube.ide.mcu.externaltools.gnu-tools-for-stm32.10.3-2021.10.macos64_1.0.200.202301161003/tools/bin/../lib/gcc/arm-none-eabi/10.3.1/../../../../arm-none-eabi/lib/libc_nano.a(lib_a-exit.o): in function `exit':
exit.c:(.text.exit+0x34): undefined reference to `_exit'
collect2: error: ld returned 1 exit status


Detecting C compiler ABI info failed to compile with the following output:
Change Dir: /Users/chaedoyun/STM32CubeIDE/workspace_1.11.0/F_UWB_main/build/release/build/CMakeFiles/CMakeTmp

Run Build Command(s):/Users/chaedoyun/Library/Application Support/Code/User/globalStorage/ms-vscode.vscode-embedded-tools/vcpkg/root/downloads/artifacts/vcpkg-ce-default/tools.ninja.build.ninja/1.10.2/ninja cmTC_a2be5 && [1/2] Building C object CMakeFiles/cmTC_a2be5.dir/CMakeCCompilerABI.c.obj
Using built-in specs.
Reading specs from /Applications/STM32CubeIDE.app/Contents/Eclipse/plugins/com.st.stm32cube.ide.mcu.externaltools.gnu-tools-for-stm32.10.3-2021.10.macos64_1.0.200.202301161003/tools/bin/../lib/gcc/arm-none-eabi/10.3.1/../../../../arm-none-eabi/lib/nano.specs
rename spec link to nano_link
rename spec link_gcc_c_sequence to nano_link_gcc_c_sequence
rename spec cpp_unique_options to nano_cpp_unique_options
COLLECT_GCC=/Applications/STM32CubeIDE.app/Contents/Eclipse/plugins/com.st.stm32cube.ide.mcu.externaltools.gnu-tools-for-stm32.10.3-2021.10.macos64_1.0.200.202301161003/tools/bin/arm-none-eabi-gcc
Target: arm-none-eabi
Configured with: /build/gnu-tools-for-stm32_10.3-2021.10.20211105-1100/src/gcc/configure --target=arm-none-eabi --prefix=/build/gnu-tools-for-stm32_10.3-2021.10.20211105-1100/install-native --libexecdir=/build/gnu-tools-for-stm32_10.3-2021.10.20211105-1100/install-native/lib --infodir=/build/gnu-tools-for-stm32_10.3-2021.10.20211105-1100/install-native/share/doc/gcc-arm-none-eabi/info --mandir=/build/gnu-tools-for-stm32_10.3-2021.10.20211105-1100/install-native/share/doc/gcc-arm-none-eabi/man --htmldir=/build/gnu-tools-for-stm32_10.3-2021.10.20211105-1100/install-native/share/doc/gcc-arm-none-eabi/html --pdfdir=/build/gnu-tools-for-stm32_10.3-2021.10.20211105-1100/install-native/share/doc/gcc-arm-none-eabi/pdf --enable-languages=c,c++ --enable-plugins --disable-decimal-float --disable-libffi --disable-libgomp --disable-libmudflap --disable-libquadmath --disable-libssp --disable-libstdcxx-pch --disable-nls --disable-shared --disable-threads --disable-tls --with-gnu-as --with-gnu-ld --with-newlib --with-headers=yes --with-python-dir=share/gcc-arm-none-eabi --with-sysroot=/build/gnu-tools-for-stm32_10.3-2021.10.20211105-1100/install-native/arm-none-eabi --build=x86_64-apple-darwin10 --host=x86_64-apple-darwin10 --with-gmp=/build/gnu-tools-for-stm32_10.3-2021.10.20211105-1100/build-native/host-libs/usr --with-mpfr=/build/gnu-tools-for-stm32_10.3-2021.10.20211105-1100/build-native/host-libs/usr --with-mpc=/build/gnu-tools-for-stm32_10.3-2021.10.20211105-1100/build-native/host-libs/usr --with-isl=/build/gnu-tools-for-stm32_10.3-2021.10.20211105-1100/build-native/host-libs/usr --with-libelf=/build/gnu-tools-for-stm32_10.3-2021.10.20211105-1100/build-native/host-libs/usr --with-host-libstdcxx='-static-libgcc -Wl,-lstdc++ -lm' --with-pkgversion='GNU Tools for STM32 10.3-2021.10.20211105-1100' --with-multilib-list=rmprofile,aprofile
Thread model: single
Supported LTO compression algorithms: zlib
gcc version 10.3.1 20210824 (release) (GNU Tools for STM32 10.3-2021.10.20211105-1100) 
COLLECT_GCC_OPTIONS='-fdata-sections' '-ffunction-sections' '-specs=nano.specs' '-v' '-o' 'CMakeFiles/cmTC_a2be5.dir/CMakeCCompilerABI.c.obj' '-c' '-mcpu=arm7tdmi' '-mfloat-abi=soft' '-marm' '-mlibarch=armv4t' '-march=armv4t'
 /Applications/STM32CubeIDE.app/Contents/Eclipse/plugins/com.st.stm32cube.ide.mcu.externaltools.gnu-tools-for-stm32.10.3-2021.10.macos64_1.0.200.202301161003/tools/bin/../lib/gcc/arm-none-eabi/10.3.1/cc1 -isystem =/include/newlib-nano -quiet -v -iprefix /Applications/STM32CubeIDE.app/Contents/Eclipse/plugins/com.st.stm32cube.ide.mcu.externaltools.gnu-tools-for-stm32.10.3-2021.10.macos64_1.0.200.202301161003/tools/bin/../lib/gcc/arm-none-eabi/10.3.1/ -isysroot /Applications/STM32CubeIDE.app/Contents/Eclipse/plugins/com.st.stm32cube.ide.mcu.externaltools.gnu-tools-for-stm32.10.3-2021.10.macos64_1.0.200.202301161003/tools/bin/../arm-none-eabi -D__USES_INITFINI__ /Users/chaedoyun/Library/Application Support/Code/User/globalStorage/ms-vscode.vscode-embedded-tools/vcpkg/root/downloads/artifacts/vcpkg-ce-default/tools.kitware.cmake/3.20.1/share/cmake-3.20/Modules/CMakeCCompilerABI.c -quiet -dumpbase CMakeCCompilerABI.c -mcpu=arm7tdmi -mfloat-abi=soft -marm -mlibarch=armv4t -march=armv4t -auxbase-strip CMakeFiles/cmTC_a2be5.dir/CMakeCCompilerABI.c.obj -version -fdata-sections -ffunction-sections -o /var/folders/m3/8rrqd9z142s2bfyhk8r5gtvh0000gn/T//cc8cPMBL.s
GNU C17 (GNU Tools for STM32 10.3-2021.10.20211105-1100) version 10.3.1 20210824 (release) (arm-none-eabi)
	compiled by GNU C version 4.2.1 Compatible Apple LLVM 10.0.1 (clang-1001.0.46.4), GMP version 6.1.0, MPFR version 3.1.4, MPC version 1.0.3, isl version isl-0.18-GMP

GGC heuristics: --param ggc-min-expand=100 --param ggc-min-heapsize=131072
ignoring duplicate directory "/Applications/STM32CubeIDE.app/Contents/Eclipse/plugins/com.st.stm32cube.ide.mcu.externaltools.gnu-tools-for-stm32.10.3-2021.10.macos64_1.0.200.202301161003/tools/bin/../lib/gcc/../../lib/gcc/arm-none-eabi/10.3.1/include"
ignoring nonexistent directory "/Applications/STM32CubeIDE.app/Contents/Eclipse/plugins/com.st.stm32cube.ide.mcu.externaltools.gnu-tools-for-stm32.10.3-2021.10.macos64_1.0.200.202301161003/tools/bin/../arm-none-eabi/usr/local/include"
ignoring duplicate directory "/Applications/STM32CubeIDE.app/Contents/Eclipse/plugins/com.st.stm32cube.ide.mcu.externaltools.gnu-tools-for-stm32.10.3-2021.10.macos64_1.0.200.202301161003/tools/bin/../lib/gcc/../../lib/gcc/arm-none-eabi/10.3.1/include-fixed"
ignoring duplicate directory "/Applications/STM32CubeIDE.app/Contents/Eclipse/plugins/com.st.stm32cube.ide.mcu.externaltools.gnu-tools-for-stm32.10.3-2021.10.macos64_1.0.200.202301161003/tools/bin/../lib/gcc/../../lib/gcc/arm-none-eabi/10.3.1/../../../../arm-none-eabi/include"
ignoring nonexistent directory "/Applications/STM32CubeIDE.app/Contents/Eclipse/plugins/com.st.stm32cube.ide.mcu.externaltools.gnu-tools-for-stm32.10.3-2021.10.macos64_1.0.200.202301161003/tools/bin/../arm-none-eabi/usr/include"
#include "..." search starts here:
#include <...> search starts here:
 /Applications/STM32CubeIDE.app/Contents/Eclipse/plugins/com.st.stm32cube.ide.mcu.externaltools.gnu-tools-for-stm32.10.3-2021.10.macos64_1.0.200.202301161003/tools/bin/../arm-none-eabi/include/newlib-nano
 /Applications/STM32CubeIDE.app/Contents/Eclipse/plugins/com.st.stm32cube.ide.mcu.externaltools.gnu-tools-for-stm32.10.3-2021.10.macos64_1.0.200.202301161003/tools/bin/../lib/gcc/arm-none-eabi/10.3.1/include
 /Applications/STM32CubeIDE.app/Contents/Eclipse/plugins/com.st.stm32cube.ide.mcu.externaltools.gnu-tools-for-stm32.10.3-2021.10.macos64_1.0.200.202301161003/tools/bin/../lib/gcc/arm-none-eabi/10.3.1/include-fixed
 /Applications/STM32CubeIDE.app/Contents/Eclipse/plugins/com.st.stm32cube.ide.mcu.externaltools.gnu-tools-for-stm32.10.3-2021.10.macos64_1.0.200.202301161003/tools/bin/../lib/gcc/arm-none-eabi/10.3.1/../../../../arm-none-eabi/include
End of search list.
GNU C17 (GNU Tools for STM32 10.3-2021.10.20211105-1100) version 10.3.1 20210824 (release) (arm-none-eabi)
	compiled by GNU C version 4.2.1 Compatible Apple LLVM 10.0.1 (clang-1001.0.46.4), GMP version 6.1.0, MPFR version 3.1.4, MPC version 1.0.3, isl version isl-0.18-GMP

GGC heuristics: --param ggc-min-expand=100 --param ggc-min-heapsize=131072
Compiler executable checksum: d96dbf79396faa41cd81384b2c0d93a1
COLLECT_GCC_OPTIONS='-fdata-sections' '-ffunction-sections' '-specs=nano.specs' '-v' '-o' 'CMakeFiles/cmTC_a2be5.dir/CMakeCCompilerABI.c.obj' '-c' '-mcpu=arm7tdmi' '-mfloat-abi=soft' '-marm' '-mlibarch=armv4t' '-march=armv4t'
 /Applications/STM32CubeIDE.app/Contents/Eclipse/plugins/com.st.stm32cube.ide.mcu.externaltools.gnu-tools-for-stm32.10.3-2021.10.macos64_1.0.200.202301161003/tools/bin/../lib/gcc/arm-none-eabi/10.3.1/../../../../arm-none-eabi/bin/as -v -march=armv4t -mfloat-abi=soft -meabi=5 -o CMakeFiles/cmTC_a2be5.dir/CMakeCCompilerABI.c.obj /var/folders/m3/8rrqd9z142s2bfyhk8r5gtvh0000gn/T//cc8cPMBL.s
GNU assembler version 2.36.1 (arm-none-eabi) using BFD version (GNU Tools for STM32 10.3-2021.10.20211105-1100) 2.36.1.20210621
COMPILER_PATH=/Applications/STM32CubeIDE.app/Contents/Eclipse/plugins/com.st.stm32cube.ide.mcu.externaltools.gnu-tools-for-stm32.10.3-2021.10.macos64_1.0.200.202301161003/tools/bin/../lib/gcc/arm-none-eabi/10.3.1/:/Applications/STM32CubeIDE.app/Contents/Eclipse/plugins/com.st.stm32cube.ide.mcu.externaltools.gnu-tools-for-stm32.10.3-2021.10.macos64_1.0.200.202301161003/tools/bin/../lib/gcc/:/Applications/STM32CubeIDE.app/Contents/Eclipse/plugins/com.st.stm32cube.ide.mcu.externaltools.gnu-tools-for-stm32.10.3-2021.10.macos64_1.0.200.202301161003/tools/bin/../lib/gcc/arm-none-eabi/10.3.1/../../../../arm-none-eabi/bin/
LIBRARY_PATH=/Applications/STM32CubeIDE.app/Contents/Eclipse/plugins/com.st.stm32cube.ide.mcu.externaltools.gnu-tools-for-stm32.10.3-2021.10.macos64_1.0.200.202301161003/tools/bin/../lib/gcc/arm-none-eabi/10.3.1/:/Applications/STM32CubeIDE.app/Contents/Eclipse/plugins/com.st.stm32cube.ide.mcu.externaltools.gnu-tools-for-stm32.10.3-2021.10.macos64_1.0.200.202301161003/tools/bin/../lib/gcc/:/Applications/STM32CubeIDE.app/Contents/Eclipse/plugins/com.st.stm32cube.ide.mcu.externaltools.gnu-tools-for-stm32.10.3-2021.10.macos64_1.0.200.202301161003/tools/bin/../lib/gcc/arm-none-eabi/10.3.1/../../../../arm-none-eabi/lib/:/Applications/STM32CubeIDE.app/Contents/Eclipse/plugins/com.st.stm32cube.ide.mcu.externaltools.gnu-tools-for-stm32.10.3-2021.10.macos64_1.0.200.202301161003/tools/bin/../arm-none-eabi/lib/
COLLECT_GCC_OPTIONS='-fdata-sections' '-ffunction-sections' '-specs=nano.specs' '-v' '-o' 'CMakeFiles/cmTC_a2be5.dir/CMakeCCompilerABI.c.obj' '-c' '-mcpu=arm7tdmi' '-mfloat-abi=soft' '-marm' '-mlibarch=armv4t' '-march=armv4t'
[2/2] Linking C static library libcmTC_a2be5.a
FAILED: libcmTC_a2be5.a 
: && "/Users/chaedoyun/Library/Application Support/Code/User/globalStorage/ms-vscode.vscode-embedded-tools/vcpkg/root/downloads/artifacts/vcpkg-ce-default/tools.kitware.cmake/3.20.1/bin/cmake" -E rm -f libcmTC_a2be5.a && /Applications/STM32CubeIDE.app/Contents/Eclipse/plugins/com.st.stm32cube.ide.mcu.externaltools.gnu-tools-for-stm32.10.3-2021.10.macos64_1.0.100.202210260954/tools/bin/arm-none-eabi-ar qc libcmTC_a2be5.a  CMakeFiles/cmTC_a2be5.dir/CMakeCCompilerABI.c.obj && /Applications/STM32CubeIDE.app/Contents/Eclipse/plugins/com.st.stm32cube.ide.mcu.externaltools.gnu-tools-for-stm32.10.3-2021.10.macos64_1.0.100.202210260954/tools/bin/arm-none-eabi-ranlib libcmTC_a2be5.a && "/Users/chaedoyun/Library/Application Support/Code/User/globalStorage/ms-vscode.vscode-embedded-tools/vcpkg/root/downloads/artifacts/vcpkg-ce-default/tools.kitware.cmake/3.20.1/bin/cmake" -E touch libcmTC_a2be5.a && :
/bin/sh: /Applications/STM32CubeIDE.app/Contents/Eclipse/plugins/com.st.stm32cube.ide.mcu.externaltools.gnu-tools-for-stm32.10.3-2021.10.macos64_1.0.100.202210260954/tools/bin/arm-none-eabi-ar: No such file or directory
ninja: build stopped: subcommand failed.




Determining if the C compiler works failed with the following output:
Change Dir: /Users/chaedoyun/STM32CubeIDE/workspace_1.11.0/F_UWB_main/build/release/build/CMakeFiles/CMakeTmp

Run Build Command(s):/Users/chaedoyun/Library/Application Support/Code/User/globalStorage/ms-vscode.vscode-embedded-tools/vcpkg/root/downloads/artifacts/vcpkg-ce-default/tools.ninja.build.ninja/1.10.2/ninja cmTC_c5c90 && [1/2] Building C object CMakeFiles/cmTC_c5c90.dir/testCCompiler.c.obj
[2/2] Linking C static library libcmTC_c5c90.a
FAILED: libcmTC_c5c90.a 
: && "/Users/chaedoyun/Library/Application Support/Code/User/globalStorage/ms-vscode.vscode-embedded-tools/vcpkg/root/downloads/artifacts/vcpkg-ce-default/tools.kitware.cmake/3.20.1/bin/cmake" -E rm -f libcmTC_c5c90.a && /Applications/STM32CubeIDE.app/Contents/Eclipse/plugins/com.st.stm32cube.ide.mcu.externaltools.gnu-tools-for-stm32.10.3-2021.10.macos64_1.0.100.202210260954/tools/bin/arm-none-eabi-ar qc libcmTC_c5c90.a  CMakeFiles/cmTC_c5c90.dir/testCCompiler.c.obj && /Applications/STM32CubeIDE.app/Contents/Eclipse/plugins/com.st.stm32cube.ide.mcu.externaltools.gnu-tools-for-stm32.10.3-2021.10.macos64_1.0.100.202210260954/tools/bin/arm-none-eabi-ranlib libcmTC_c5c90.a && "/Users/chaedoyun/Library/Application Support/Code/User/globalStorage/ms-vscode.vscode-embedded-tools/vcpkg/root/downloads/artifacts/vcpkg-ce-default/tools.kitware.cmake/3.20.1/bin/cmake" -E touch libcmTC_c5c90.a && :
/bin/sh: /Applications/STM32CubeIDE.app/Contents/Eclipse/plugins/com.st.stm32cube.ide.mcu.externaltools.gnu-tools-for-stm32.10.3-2021.10.macos64_1.0.100.202210260954/tools/bin/arm-none-eabi-ar: No such file or directory
ninja: build stopped: subcommand failed.



